<?xml version="1.0" encoding="UTF-8"?>
<!-- Generated by org.testng.reporters.JUnitReportReporter -->
<testsuite hostname="DESKTOP-8EI85EI" failures="0" tests="1" name="com.amazon.qa.testcases.HomePageTest" time="11.938" errors="0" timestamp="22 Feb 2021 19:35:50 GMT" skipped="0">
  <testcase classname="com.amazon.qa.testcases.HomePageTest" name="enterProductNameTest" time="11.938"/>
</testsuite> <!-- com.amazon.qa.testcases.HomePageTest -->
