<?xml version="1.0" encoding="UTF-8"?>
<!-- Generated by org.testng.reporters.JUnitReportReporter -->
<testsuite hostname="DESKTOP-8EI85EI" failures="0" tests="2" name="com.amazon.qa.testcases.PriceDetailsTest" time="55.609" errors="0" timestamp="23 Feb 2021 15:52:52 GMT" skipped="0">
  <testcase classname="com.amazon.qa.testcases.PriceDetailsTest" name="priceDisplayTest" time="43.832"/>
  <testcase classname="com.amazon.qa.testcases.PriceDetailsTest" name="productPriceTest" time="11.777"/>
</testsuite> <!-- com.amazon.qa.testcases.PriceDetailsTest -->
