<?xml version="1.0" encoding="UTF-8"?>
<!-- Generated by org.testng.reporters.JUnitReportReporter -->
<testsuite hostname="DESKTOP-8EI85EI" failures="0" tests="3" name="com.tripadvisor.qa.testcases.ClubMahindraDetailsTest" time="90.134" errors="0" timestamp="24 Feb 2021 20:12:50 GMT" skipped="0">
  <testcase classname="com.tripadvisor.qa.testcases.ClubMahindraDetailsTest" name="pageScrollDownTest" time="25.361"/>
  <testcase classname="com.tripadvisor.qa.testcases.ClubMahindraDetailsTest" name="mousehoverOnReviewTest" time="32.962"/>
  <testcase classname="com.tripadvisor.qa.testcases.ClubMahindraDetailsTest" name="titleOfYourReviewTest" time="31.811"/>
</testsuite> <!-- com.tripadvisor.qa.testcases.ClubMahindraDetailsTest -->
