<?xml version="1.0" encoding="UTF-8"?>
<!-- Generated by org.testng.reporters.JUnitReportReporter -->
<testsuite hostname="DESKTOP-8EI85EI" failures="0" tests="1" name="com.tripadvisor.qa.testcases.AvailableListTest" time="25.357" errors="0" timestamp="24 Feb 2021 15:42:47 GMT" skipped="0">
  <testcase classname="com.tripadvisor.qa.testcases.AvailableListTest" name="clickOnClubmahindraListTest" time="25.357"/>
</testsuite> <!-- com.tripadvisor.qa.testcases.AvailableListTest -->
