<?xml version="1.0" encoding="UTF-8"?>
<!-- Generated by org.testng.reporters.JUnitReportReporter -->
<testsuite hostname="DESKTOP-8EI85EI" failures="0" tests="3" name="com.amazon.qa.testcases.LoginPageTest" time="17.351" errors="0" timestamp="22 Feb 2021 14:10:09 GMT" skipped="2">
  <testcase classname="com.amazon.qa.testcases.LoginPageTest" name="passwordTest" time="17.351"/>
  <testcase classname="com.amazon.qa.testcases.LoginPageTest" name="usernameTest">
    <skipped/>
  </testcase> <!-- usernameTest -->
  <testcase classname="com.amazon.qa.testcases.LoginPageTest" name="clickOnPreLoginBtnTest">
    <skipped/>
  </testcase> <!-- clickOnPreLoginBtnTest -->
</testsuite> <!-- com.amazon.qa.testcases.LoginPageTest -->
